<?xml version="1.0" encoding="UTF-8"?>
<!-- Generated by org.testng.reporters.JUnitReportReporter -->
<testsuite hostname="LAPTOP-V48UUGBS" failures="0" tests="1" name="com.amazon.pageObjects.TC_HomePageTest_001" time="0.014" errors="0" timestamp="07 Jan 2021 04:44:42 GMT" skipped="0">
  <testcase classname="com.amazon.pageObjects.TC_HomePageTest_001" name="homeTest" time="0.014"/>
</testsuite> <!-- com.amazon.pageObjects.TC_HomePageTest_001 -->
